DEBUG:urllib3.connectionpool:Starting new HTTPS connection (1): api.yelp.com:443
DEBUG:urllib3.connectionpool:https://api.yelp.com:443 "GET /v3/businesses/search?latitude=-36.872&longitude=174.74&limit=50&radius=500 HTTP/1.1" 200 None
DEBUG:urllib3.connectionpool:Starting new HTTPS connection (1): api.yelp.com:443
DEBUG:urllib3.connectionpool:https://api.yelp.com:443 "GET /v3/businesses/1EdG8FX6ZyzNWf9V1gAELA/reviews HTTP/1.1" 200 None
DEBUG:urllib3.connectionpool:Starting new HTTPS connection (1): api.yelp.com:443
DEBUG:urllib3.connectionpool:https://api.yelp.com:443 "GET /v3/businesses/R42-XBPiaXSkoswWDHarbw/reviews HTTP/1.1" 200 None
DEBUG:urllib3.connectionpool:Starting new HTTPS connection (1): api.yelp.com:443
DEBUG:urllib3.connectionpool:https://api.yelp.com:443 "GET /v3/businesses/J02aF92F2IVz6ScDN_E8bQ/reviews HTTP/1.1" 200 None
DEBUG:urllib3.connectionpool:Starting new HTTPS connection (1): api.yelp.com:443
DEBUG:urllib3.connectionpool:https://api.yelp.com:443 "GET /v3/businesses/uEiZMK6ufqog7_0rvDUovw/reviews HTTP/1.1" 200 None
DEBUG:urllib3.connectionpool:Starting new HTTPS connection (1): api.yelp.com:443
DEBUG:urllib3.connectionpool:https://api.yelp.com:443 "GET /v3/businesses/dyCEskWw2s7CFfXzjVsKQA/reviews HTTP/1.1" 200 None
DEBUG:urllib3.connectionpool:Starting new HTTPS connection (1): api.yelp.com:443
DEBUG:urllib3.connectionpool:https://api.yelp.com:443 "GET /v3/businesses/pE4V-i9LUVHkjh0IA__FLw/reviews HTTP/1.1" 200 None
DEBUG:urllib3.connectionpool:Starting new HTTPS connection (1): api.yelp.com:443
DEBUG:urllib3.connectionpool:https://api.yelp.com:443 "GET /v3/businesses/OtGXe_XktxbKZer7gSiO-g/reviews HTTP/1.1" 200 None
DEBUG:urllib3.connectionpool:Starting new HTTPS connection (1): api.yelp.com:443
DEBUG:urllib3.connectionpool:https://api.yelp.com:443 "GET /v3/businesses/Mr98VyYfJWnEyoUR6Md8dQ/reviews HTTP/1.1" 200 None
DEBUG:urllib3.connectionpool:Starting new HTTPS connection (1): api.yelp.com:443
DEBUG:urllib3.connectionpool:https://api.yelp.com:443 "GET /v3/businesses/AnHxckHmodFabIQG-OOlaw/reviews HTTP/1.1" 200 None
DEBUG:urllib3.connectionpool:Starting new HTTPS connection (1): api.yelp.com:443
DEBUG:urllib3.connectionpool:https://api.yelp.com:443 "GET /v3/businesses/2dh8CUU5qONO-lrFVtHSTg/reviews HTTP/1.1" 200 None
DEBUG:urllib3.connectionpool:Starting new HTTPS connection (1): api.yelp.com:443
DEBUG:urllib3.connectionpool:https://api.yelp.com:443 "GET /v3/businesses/j-5hSRDCA_MFwuMtUnpCAw/reviews HTTP/1.1" 200 None
DEBUG:urllib3.connectionpool:Starting new HTTPS connection (1): api.yelp.com:443
DEBUG:urllib3.connectionpool:https://api.yelp.com:443 "GET /v3/businesses/w_U3deEmt64ujLmvMEe0-g/reviews HTTP/1.1" 200 None
DEBUG:urllib3.connectionpool:Starting new HTTPS connection (1): api.yelp.com:443
DEBUG:urllib3.connectionpool:https://api.yelp.com:443 "GET /v3/businesses/Ww840HGUyqmsiULgcdx8ow/reviews HTTP/1.1" 200 None
DEBUG:urllib3.connectionpool:Starting new HTTPS connection (1): api.yelp.com:443
DEBUG:urllib3.connectionpool:https://api.yelp.com:443 "GET /v3/businesses/wafbvhkRyMp4nadYv7r9ZQ/reviews HTTP/1.1" 200 None
DEBUG:urllib3.connectionpool:Starting new HTTPS connection (1): api.yelp.com:443
DEBUG:urllib3.connectionpool:https://api.yelp.com:443 "GET /v3/businesses/dbKe6dYQo3YtHT8GfwRkCw/reviews HTTP/1.1" 200 None
DEBUG:urllib3.connectionpool:Starting new HTTPS connection (1): api.yelp.com:443
DEBUG:urllib3.connectionpool:https://api.yelp.com:443 "GET /v3/businesses/T9tWsKMBSy4rCararRsKqg/reviews HTTP/1.1" 200 None
DEBUG:urllib3.connectionpool:Starting new HTTPS connection (1): api.yelp.com:443
DEBUG:urllib3.connectionpool:https://api.yelp.com:443 "GET /v3/businesses/mE6i2YYY5SiujEXKc4puAg/reviews HTTP/1.1" 200 None
DEBUG:urllib3.connectionpool:Starting new HTTPS connection (1): api.yelp.com:443
DEBUG:urllib3.connectionpool:https://api.yelp.com:443 "GET /v3/businesses/k-j8gbu4lTsMt3o309AFPA/reviews HTTP/1.1" 200 None
DEBUG:urllib3.connectionpool:Starting new HTTPS connection (1): api.yelp.com:443
DEBUG:urllib3.connectionpool:https://api.yelp.com:443 "GET /v3/businesses/JDiCYT2lOQV_ELpXe3l4mQ/reviews HTTP/1.1" 200 None
DEBUG:urllib3.connectionpool:Starting new HTTPS connection (1): api.yelp.com:443
DEBUG:urllib3.connectionpool:https://api.yelp.com:443 "GET /v3/businesses/AZQAlMyqre2Ei9bAFtuh1Q/reviews HTTP/1.1" 200 None
DEBUG:urllib3.connectionpool:Starting new HTTPS connection (1): api.yelp.com:443
DEBUG:urllib3.connectionpool:https://api.yelp.com:443 "GET /v3/businesses/P5NL-NUER3WETcamS-vQaw/reviews HTTP/1.1" 200 None
DEBUG:urllib3.connectionpool:Starting new HTTPS connection (1): api.yelp.com:443
DEBUG:urllib3.connectionpool:https://api.yelp.com:443 "GET /v3/businesses/8AjYq9Jlw1HdaaO0Pk5kfw/reviews HTTP/1.1" 200 None
DEBUG:urllib3.connectionpool:Starting new HTTPS connection (1): api.yelp.com:443
DEBUG:urllib3.connectionpool:https://api.yelp.com:443 "GET /v3/businesses/CjqypKXfd-sqFrBORhlLug/reviews HTTP/1.1" 200 None
DEBUG:urllib3.connectionpool:Starting new HTTPS connection (1): api.yelp.com:443
DEBUG:urllib3.connectionpool:https://api.yelp.com:443 "GET /v3/businesses/MkuyYxjdi8JfopLtvEKIiw/reviews HTTP/1.1" 200 None
DEBUG:urllib3.connectionpool:Starting new HTTPS connection (1): api.yelp.com:443
DEBUG:urllib3.connectionpool:https://api.yelp.com:443 "GET /v3/businesses/6WD0PL4iVe4VflCvG9YHDQ/reviews HTTP/1.1" 200 None
DEBUG:urllib3.connectionpool:Starting new HTTPS connection (1): api.yelp.com:443
DEBUG:urllib3.connectionpool:https://api.yelp.com:443 "GET /v3/businesses/Eltf2tCssy0znGIEzF5olA/reviews HTTP/1.1" 200 None
DEBUG:urllib3.connectionpool:Starting new HTTPS connection (1): api.yelp.com:443
DEBUG:urllib3.connectionpool:https://api.yelp.com:443 "GET /v3/businesses/Beb8fQTrbDenuiJjZGGSwQ/reviews HTTP/1.1" 200 None
DEBUG:urllib3.connectionpool:Starting new HTTPS connection (1): api.yelp.com:443
DEBUG:urllib3.connectionpool:https://api.yelp.com:443 "GET /v3/businesses/ShQVSRfcrS6VHXSIU20B1g/reviews HTTP/1.1" 200 None
DEBUG:urllib3.connectionpool:Starting new HTTPS connection (1): api.yelp.com:443
DEBUG:urllib3.connectionpool:https://api.yelp.com:443 "GET /v3/businesses/ReceDS80NBWyu2OltS2Iqw/reviews HTTP/1.1" 200 None
DEBUG:urllib3.connectionpool:Starting new HTTPS connection (1): api.yelp.com:443
DEBUG:urllib3.connectionpool:https://api.yelp.com:443 "GET /v3/businesses/tOH-nibpTVyndDiKjRJQOA/reviews HTTP/1.1" 200 None
